=== condense workload n=64: 64/64 succeeded ===
finish times: min=19.1s med=20.9s max=100.0s (spread=80.8s)
[ 0] OK  (  19.6s) len=   32/32    'The capital of France is' -> ' Paris."\\n\\n the that a So So The capital of FranceFrance " '
[ 1] OK  (  19.8s) len=   64/64    'List the first five prime numb' -> ' 2, 3, 5, 7, 11.\\n\\n (The is, 11 ?? Actually 13 is .?? Wait '
[ 2] OK  (  20.0s) len=   96/96    'The chemical symbol for gold i' -> ' Au.\\n\\n symbol word a a a.\\n\\n Au Au for is is Au Au. Au Au'
[ 3] OK  (  20.2s) len=  128/128   'The largest planet in our sola' -> ' Jupiter.\\n\\n the a a for TheassistantanalysisWeWe planet in'
[ 4] OK  (  20.9s) len=  256/256   'Name three primary colors:' -> ' red, blue, and." The appearsassistant " Wait The the to: pa'
[ 5] OK  (  32.4s) len=  512/512   'Water is composed of hydrogen ' -> ' oxygen atoms, The:2  \\n\\nIt the to be\\n\\n\\n\\n question of h'
[ 6] OK  (  53.1s) len= 1024/1024  '2 + 2 =' -> ' 4. Wait2+22    Wait :??? Actually :++:?? Wait.\\n\\n:    ? Wa'
[ 7] OK  (  73.3s) len= 1536/1536  'The first president of the Uni' -> ' George Washington. W. the\\n\\n\\n\\n 1 was... president. Washi'
[ 8] OK  (  19.5s) len=   32/32    'The capital of France is' -> ' Paris."\\n\\n the that.\\n\\n But \\n \\nWe can to produceise... '
[ 9] OK  (  19.6s) len=   64/64    'List the first five prime numb' -> ' 2, 3, 5, 7, 11.\\n\\n (The is the a11 ,, but  answer first  n'
[10] OK  (  19.8s) len=   96/96    'The chemical symbol for gold i' -> ' Au.\\n\\n symbol word a a a The the for for. symbol symbol th'
[11] OK  (  20.0s) len=  128/128   'The largest planet in our sola' -> ' Jupiter.\\n\\n the a a The\\n\\nassistantanalysisWeWe to correc'
[12] OK  (  20.7s) len=  256/256   'Name three primary colors:' -> ' red, blue, and.".\\n\\n # \' is is\\n\\nblue "\\n   `\\n\\nThe we t'
[13] OK  (  32.3s) len=  512/512   'Water is composed of hydrogen ' -> ' oxygen atoms, is: is hydrogen left The question is water Th'
[14] OK  (  52.9s) len= 1024/1024  '2 + 2 =' -> " 4. Wait2+22    Wait +??? 2+ ???? Let's compute::  ?? Actual"
[15] OK  (  73.1s) len= 1536/1536  'The first president of the Uni' -> ' George Washington. W. He\\n\\n\\n\\n\\n\\nIt,? Washington Washing'
[16] OK  (  19.3s) len=   32/32    'The capital of France is' -> ' Paris."\\n\\n the that a So So The capital of FranceFrance " '
[17] OK  (  19.5s) len=   64/64    'List the first five prime numb' -> ' 2, 3, 5, 7, 11.\\n\\n (The is, 11 ?? Actually 13 is  but?? Wa'
[18] OK  (  19.7s) len=   96/96    'The chemical symbol for gold i' -> ' Au.\\n\\n symbol word a a is The the for for is symbol is the'
[19] OK  (  19.8s) len=  128/128   'The largest planet in our sola' -> ' Jupiter.\\n\\n the a a\\n\\n\\n\\nassistantanalysisWeWe to correc'
[20] OK  (  20.6s) len=  256/256   'Name three primary colors:' -> ' red, blue, and." The appears 2,.: 111 times  the 2  :    3 '
[21] OK  (  32.1s) len=  512/512   'Water is composed of hydrogen ' -> ' oxygen atoms, the 2 the  1.    %%%%%%%%%%%%%%%%%%%%%%%%%%%%'
[22] OK  (  52.8s) len= 1024/1024  '2 + 2 =' -> ' 4. So6^33  2 Wait2   2  Wait we need2 22  2  222  Wait2 22 '
[23] OK  (  72.9s) len= 1536/1536  'The first president of the Uni' -> ' George Washington. W. He\\n\\n\\n\\n\\n\\nIt,? Washington Washing'
[24] OK  (  19.1s) len=   32/32    'The capital of France is' -> ' Paris."\\n\\n the that a So So The capital of FranceFrance " '
[25] OK  (  19.3s) len=   64/64    'List the first five prime numb' -> ' 2, 3, 5, 7, 11.\\n\\n (The is, 11 ?? Actually 13 is .?? Wait '
[26] OK  (  19.5s) len=   96/96    'The chemical symbol for gold i' -> ' Au.\\n\\n symbol word a a a. The Au Au for is is Au Au. Au Au'
[27] OK  (  19.7s) len=  128/128   'The largest planet in our sola' -> ' Jupiter.\\n\\n the a a for TheassistantanalysisWe user planet'
[28] OK  (  20.4s) len=  256/256   'Name three primary colors:' -> ' red, blue, and.". blue blue, blue, blue. blue and.\\n\\n blue'
[29] OK  (  31.9s) len=  512/512   'Water is composed of hydrogen ' -> ' oxygen atoms, The:2 answer answer The question answer.The o'
[30] OK  (  52.6s) len= 1024/1024  '2 + 2 =' -> " 4. Wait2+22    Wait 22+? Actually :^??2? Let's compute: 2 ?"
[31] OK  (  72.8s) len= 1536/1536  'The first president of the Uni' -> ' George Washington. W. He\\n\\n\\n\\n\\n\\nIt,? Washington Washing'
[32] OK  (  19.2s) len=   32/32    'The capital of France is' -> ' Paris."\\n\\n the that.\\n\\n But \\n The answer wants "What of '
[33] OK  (  19.4s) len=   64/64    'List the first five prime numb' -> ' 2, 3, 5, 7, 11.\\n\\n (The is the a11 ,? Wait 13 is  but but '
[34] OK  (  19.6s) len=   96/96    'The chemical symbol for gold i' -> ' Au.\\n\\n symbol word a a a.\\n\\n Au for for to is. Au Au\\n\\n '
[35] OK  (  19.7s) len=  128/128   'The largest planet in our sola' -> ' Jupiter.\\n\\n the a a for TheassistantanalysisWe user planet'
[36] OK  (  24.3s) len=  256/256   'Name three primary colors:' -> ' red, blue, and.".\\n\\n This is a bit of three The:. The firs'
[37] OK  (  36.3s) len=  512/512   'Water is composed of hydrogen ' -> ' oxygen atoms, the water molecule be water\\n\\nIt, to checkin'
[38] OK  (  56.3s) len= 1024/1024  '2 + 2 =' -> " 4. Wait2+22    Wait 2+?? 2+2+??? Let's compute: 2+?? Actual"
[39] OK  (  82.3s) len= 1536/1536  'The first president of the Uni' -> ' George Washington. W. He\\n\\n\\n\\n\\n\\nIt,? Washington Washing'
[40] OK  (  19.3s) len=   32/32    'The capital of France is' -> ' Paris."\\n\\n the that.\\n\\n But \\n \\nWe can to produceise... '
[41] OK  (  19.6s) len=   64/64    'List the first five prime numb' -> ' 2, 3, 5, 7, 11.\\n\\n (The is, 11 ?? Actually 13 is .?? Wait '
[42] OK  (  19.8s) len=   96/96    'The chemical symbol for gold i' -> ' Au.\\n\\n symbol word a a is.\\n\\n Au Au for to is..\\n\\n Au Au'
[43] OK  (  20.0s) len=  128/128   'The largest planet in our sola' -> ' Jupiter.\\n\\n the a a for TheassistantanalysisWe user planet'
[44] OK  (  27.1s) len=  256/256   'Name three primary colors:' -> ' red, blue, and."..assistantanalysis The can have I The prim'
[45] OK  (  37.7s) len=  512/512   'Water is composed of hydrogen ' -> ' oxygen atoms, The: is hydrogen of The question is "What of '
[46] OK  (  58.1s) len= 1024/1024  '2 + 2 =' -> ' 4. So4^22  2 Wait Wait???2? ???2?2?2??  ?2?2?  2 2?2      2'
[47] OK  (  84.3s) len= 1536/1536  'The first president of the Uni' -> ' George Washington.\\n\\n. the He\\n\\n The first president of U'
[48] OK  (  19.5s) len=   32/32    'The capital of France is' -> ' Paris."\\n\\n the that a So So So we: "No of capital capital '
[49] OK  (  19.6s) len=   64/64    'List the first five prime numb' -> ' 2, 3, 5, 7, 11.\\n\\n (The is, 11 ?? Actually 13 is .?? Wait '
[50] OK  (  19.8s) len=   96/96    'The chemical symbol for gold i' -> ' Au.\\n\\n symbol word a a TheassistantanalysisThe chemical ch'
[51] OK  (  20.0s) len=  128/128   'The largest planet in our sola' -> ' Jupiter.\\n\\n the a a\\n\\n\\n\\nassistantanalysisWeWe to produc'
[52] OK  (  29.3s) len=  256/256   'Name three primary colors:' -> ' red, blue, and.". blue blue. blue, blue. blue and\\n\\nIt, to'
[53] OK  (  38.9s) len=  512/512   'Water is composed of hydrogen ' -> ' oxygen atoms, is: is be left The question is water The of o'
[54] OK  (  59.9s) len= 1024/1024  '2 + 2 =' -> ' 4. So6^33  2 Wait Wait22  2  Wait 2  2? , need to222  2?  ?'
[55] OK  (  88.8s) len= 1536/1536  'The first president of the Uni' -> ' George Washington. W. He\\n\\n\\n\\n\\n\\nIt,? Washington Washing'
[56] OK  (  19.7s) len=   32/32    'The capital of France is' -> ' Paris."\\n\\n the that a So So The capital of FranceFrance ".'
[57] OK  (  22.0s) len=   64/64    'List the first five prime numb' -> ' 2, 3, 5, 7, 11.\\n\\n (These is, 11 ?? Actually 13 is .?? Wai'
[58] OK  (  25.5s) len=   96/96    'The chemical symbol for gold i' -> ' Au.\\n\\n symbol word a a TheassistantanalysisThe chemical ch'
[59] OK  (  27.9s) len=  128/128   'The largest planet in our sola' -> ' Jupiter.\\n\\n the a a for TheassistantanalysisWeWe planet in'
[60] OK  (  34.4s) len=  256/256   'Name three primary colors:' -> ' red, blue, and." This appears2 times.? So3?: 3 correct red2'
[61] OK  (  40.2s) len=  512/512   'Water is composed of hydrogen ' -> ' oxygen atoms, is: about about of The question is 0. of %% T'
[62] OK  (  61.7s) len= 1024/1024  '2 + 2 =' -> " 4. Wait2+22    Wait 22+?  :^:??? Let's compute: +??? Wait 2"
[63] OK  ( 100.0s) len= 1536/1536  'The first president of the Uni' -> ' George Washington. W. He\\n\\n\\n\\n\\n\\nIt,? Washington Washing'
